###############################################################################
#
# IAR C/C++ Compiler V7.12.3.989/W32 for MSP430           04/Dec/2019  19:21:26
# Copyright 1996-2019 IAR Systems AB.
# PC-locked license - IAR Embedded Workbench for Texas Instruments MSP430, 8K KickStart Edition 7.12
#
#    __rt_version  =  3
#    __double_size =  32
#    __reg_r4      =  free
#    __reg_r5      =  free
#    __pic         =  no
#    __core        =  430X
#    __data_model  =  small
#    __code_model  =  large
#    Source file   =  
#        C:\Users\Dr Velasquez\Desktop\306\306_code\Project
#        10\emitter_control.c
#    Command line  =  
#        -f C:\Users\DRVELA~1\AppData\Local\Temp\EWA385.tmp ("C:\Users\Dr
#        Velasquez\Desktop\306\306_code\Project 10\emitter_control.c" -lC
#        "C:\Users\Dr Velasquez\Desktop\306\306_code\Project 10\Debug\List" -o
#        "C:\Users\Dr Velasquez\Desktop\306\306_code\Project 10\Debug\Obj"
#        --no_cse --no_unroll --no_inline --no_code_motion --no_tbaa --debug
#        -D__MSP430FR2355__ -e --double=32 --dlib_config "C:\Program Files\IAR
#        Systems\Embedded Workbench 8.0\430\lib\dlib\dl430xlsfn.h" -I ./\
#        --core=430X --data_model=small -On --multiplier=32
#        --hw_workaround=CPU40 --code_model=large)
#    Locale        =  English_USA.1252
#    List file     =  
#        C:\Users\Dr Velasquez\Desktop\306\306_code\Project
#        10\Debug\List\emitter_control.lst
#    Object file   =  
#        C:\Users\Dr Velasquez\Desktop\306\306_code\Project
#        10\Debug\Obj\emitter_control.r43
#
###############################################################################

C:\Users\Dr Velasquez\Desktop\306\306_code\Project 10\emitter_control.c
      1          //===========================================================================
      2          // File Name : switchcount.c
      3          //
      4          // Description: This file contains the Initialization for all port pins
      5          //
      6          // Author: Yuvini Velasquez
      7          // Date: 9/11/19
      8          // Compiler: Built with IAR Embedded Workbench Version: V (7.12.4)
      9          //===========================================================================
     10          
     11          #include  "functions.h" 
     12          #include  "msp430.h"

   \                                 In  segment DATA16_AN, at 0x242
   \   union <unnamed> _A_PCOUT_L
   \                     _A_PCOUT_L:
   \   000000                DS8 2
     13          #include <string.h>
     14          #include "macros.h"
     15          
     16          extern volatile int emitter_enable;
     17          extern volatile unsigned int p4_counter ;
     18          

   \                                 In  segment CODE, align 2
     19          void emitter_control(void){
   \                     emitter_control:
     20          //------------------------------------------------------------------------------
     21          // Emitter control to turn on/off
     22          //------------------------------------------------------------------------------
     23            if((emitter_enable ==1) && (p4_counter == 1)){
   \   000000   9293....     CMP.W   #0x1, &emitter_enable
   \   000004   0720         JNE     ??emitter_control_0
   \   000006   9293....     CMP.W   #0x1, &p4_counter
   \   00000A   0420         JNE     ??emitter_control_0
     24                    P5OUT |= IR_LED;
   \   00000C   E2D34202     BIS.B   #0x2, &0x242
     25                    emitter_enable = 0;
   \   000010   8243....     MOV.W   #0x0, &emitter_enable
     26            }
     27          //------------------------------------------------------------------------------
     28          }
   \                     ??emitter_control_0:
   \   000014   1001         RETA
   \   000016                REQUIRE _A_PCOUT_L

   Maximum stack usage in bytes:

   CSTACK Function
   ------ --------
      4   emitter_control


   Segment part sizes:

   Bytes  Function/Label
   -----  --------------
       2  _A_PCOUT_L
      22  emitter_control

 
 22 bytes in segment CODE
  2 bytes in segment DATA16_AN
 
 22 bytes of CODE memory
  0 bytes of DATA memory (+ 2 bytes shared)

Errors: none
Warnings: none
