###############################################################################
#
# IAR C/C++ Compiler V7.12.3.989/W32 for MSP430           04/Dec/2019  19:21:28
# Copyright 1996-2019 IAR Systems AB.
# PC-locked license - IAR Embedded Workbench for Texas Instruments MSP430, 8K KickStart Edition 7.12
#
#    __rt_version  =  3
#    __double_size =  32
#    __reg_r4      =  free
#    __reg_r5      =  free
#    __pic         =  no
#    __core        =  430X
#    __data_model  =  small
#    __code_model  =  large
#    Source file   =  
#        C:\Users\Dr Velasquez\Desktop\306\306_code\Project 10\led.c
#    Command line  =  
#        -f C:\Users\DRVELA~1\AppData\Local\Temp\EWA90E.tmp ("C:\Users\Dr
#        Velasquez\Desktop\306\306_code\Project 10\led.c" -lC "C:\Users\Dr
#        Velasquez\Desktop\306\306_code\Project 10\Debug\List" -o "C:\Users\Dr
#        Velasquez\Desktop\306\306_code\Project 10\Debug\Obj" --no_cse
#        --no_unroll --no_inline --no_code_motion --no_tbaa --debug
#        -D__MSP430FR2355__ -e --double=32 --dlib_config "C:\Program Files\IAR
#        Systems\Embedded Workbench 8.0\430\lib\dlib\dl430xlsfn.h" -I ./\
#        --core=430X --data_model=small -On --multiplier=32
#        --hw_workaround=CPU40 --code_model=large)
#    Locale        =  English_USA.1252
#    List file     =  
#        C:\Users\Dr Velasquez\Desktop\306\306_code\Project
#        10\Debug\List\led.lst
#    Object file   =  
#        C:\Users\Dr Velasquez\Desktop\306\306_code\Project
#        10\Debug\Obj\led.r43
#
###############################################################################

C:\Users\Dr Velasquez\Desktop\306\306_code\Project 10\led.c
      1          //===========================================================================
      2          // File Name : led.c
      3          //
      4          // Description: This file contains the Initialization for all port pins
      5          //
      6          // Author: Yuvini Velasquez
      7          // Date: 9/11/19
      8          // Compiler: Built with IAR Embedded Workbench Version: V (7.12.4)
      9          //===========================================================================
     10          
     11          #include  "functions.h"
     12          #include  "msp430.h"

   \                                 In  segment DATA16_AN, at 0x202
   \   union <unnamed> _A_PAOUT_L
   \                     _A_PAOUT_L:
   \   000000                DS8 2

   \                                 In  segment DATA16_AN, at 0x242
   \   union <unnamed> _A_PCOUT_L
   \                     _A_PCOUT_L:
   \   000000                DS8 2
     13          #include <string.h>
     14          #include "macros.h"
     15          

   \                                 In  segment CODE, align 2
     16          void Init_LEDs(void){
   \                     Init_LEDs:
     17          //------------------------------------------------------------------------------
     18          // LED Configurations
     19          //------------------------------------------------------------------------------
     20          // Turns on both LEDs
     21            GREEN_LED_OFF;
   \   000000   F2C040004302 BIC.B   #0x40, &0x243
     22            RED_LED_OFF;
   \   000006   D2C30202     BIC.B   #0x1, &0x202
     23          //------------------------------------------------------------------------------
     24          }
   \   00000A   1001         RETA
   \   00000C                REQUIRE _A_PCOUT_L
   \   00000C                REQUIRE _A_PAOUT_L

   Maximum stack usage in bytes:

   CSTACK Function
   ------ --------
      4   Init_LEDs


   Segment part sizes:

   Bytes  Function/Label
   -----  --------------
      12  Init_LEDs
       2  _A_PAOUT_L
       2  _A_PCOUT_L

 
 12 bytes in segment CODE
  4 bytes in segment DATA16_AN
 
 12 bytes of CODE memory
  0 bytes of DATA memory (+ 4 bytes shared)

Errors: none
Warnings: none
